<?xml version="1.0" encoding="UTF-8"?>
<testng-results skipped="0" failed="0" ignored="0" total="1" passed="1">
  <reporter-output>
  </reporter-output>
  <suite name="Suite" duration-ms="14312" started-at="2020-02-08T09:45:07Z" finished-at="2020-02-08T09:45:21Z">
    <groups>
      <group name="cucumber">
        <method signature="AbstractTestNGCucumberTests.runScenario(cucumber.api.testng.PickleEventWrapper, cucumber.api.testng.CucumberFeatureWrapper)[pri:0, instance:com.leafBot.testcases.TC001_Login@47542153]" name="runScenario" class="cucumber.api.testng.AbstractTestNGCucumberTests"/>
      </group> <!-- cucumber -->
    </groups>
    <test name="Test" duration-ms="14312" started-at="2020-02-08T09:45:07Z" finished-at="2020-02-08T09:45:21Z">
      <class name="com.leafBot.testcases.TC001_Login">
        <test-method status="PASS" signature="startReport()[pri:0, instance:com.leafBot.testcases.TC001_Login@47542153]" name="startReport" is-config="true" duration-ms="168" started-at="2020-02-08T09:45:07Z" finished-at="2020-02-08T09:45:07Z">
          <reporter-output>
          </reporter-output>
        </test-method> <!-- startReport -->
        <test-method status="PASS" signature="setValues()[pri:0, instance:com.leafBot.testcases.TC001_Login@47542153]" name="setValues" is-config="true" duration-ms="0" started-at="2020-02-08T09:45:07Z" finished-at="2020-02-08T09:45:07Z">
          <reporter-output>
          </reporter-output>
        </test-method> <!-- setValues -->
        <test-method status="PASS" signature="setUpClass()[pri:0, instance:com.leafBot.testcases.TC001_Login@47542153]" name="setUpClass" is-config="true" duration-ms="67" started-at="2020-02-08T09:45:07Z" finished-at="2020-02-08T09:45:07Z">
          <reporter-output>
          </reporter-output>
        </test-method> <!-- setUpClass -->
        <test-method status="PASS" signature="report()[pri:0, instance:com.leafBot.testcases.TC001_Login@47542153]" name="report" is-config="true" duration-ms="4" started-at="2020-02-08T09:45:07Z" finished-at="2020-02-08T09:45:07Z">
          <reporter-output>
          </reporter-output>
        </test-method> <!-- report -->
        <test-method status="PASS" signature="beforeMethod()[pri:0, instance:com.leafBot.testcases.TC001_Login@47542153]" name="beforeMethod" is-config="true" duration-ms="10247" started-at="2020-02-08T09:45:07Z" finished-at="2020-02-08T09:45:18Z">
          <reporter-output>
          </reporter-output>
        </test-method> <!-- beforeMethod -->
        <test-method status="PASS" signature="loginAndVerify(java.lang.String, java.lang.String, java.lang.String)[pri:0, instance:com.leafBot.testcases.TC001_Login@47542153]" name="loginAndVerify" duration-ms="3387" started-at="2020-02-08T09:45:18Z" data-provider="fetchData" finished-at="2020-02-08T09:45:21Z">
          <params>
            <param index="0">
              <value>
                <![CDATA[kumar.testleaf@gmail.com]]>
              </value>
            </param>
            <param index="1">
              <value>
                <![CDATA[leaf@12]]>
              </value>
            </param>
            <param index="2">
              <value>
                <![CDATA[ACME System 1 - Dashboard]]>
              </value>
            </param>
          </params>
          <reporter-output>
          </reporter-output>
        </test-method> <!-- loginAndVerify -->
        <test-method status="PASS" signature="afterMethod()[pri:0, instance:com.leafBot.testcases.TC001_Login@47542153]" name="afterMethod" is-config="true" duration-ms="80" started-at="2020-02-08T09:45:21Z" finished-at="2020-02-08T09:45:21Z">
          <reporter-output>
          </reporter-output>
        </test-method> <!-- afterMethod -->
        <test-method status="PASS" signature="tearDownClass()[pri:0, instance:com.leafBot.testcases.TC001_Login@47542153]" name="tearDownClass" is-config="true" duration-ms="4" started-at="2020-02-08T09:45:21Z" finished-at="2020-02-08T09:45:21Z">
          <reporter-output>
          </reporter-output>
        </test-method> <!-- tearDownClass -->
        <test-method status="PASS" signature="stopReport()[pri:0, instance:com.leafBot.testcases.TC001_Login@47542153]" name="stopReport" is-config="true" duration-ms="289" started-at="2020-02-08T09:45:21Z" finished-at="2020-02-08T09:45:21Z">
          <reporter-output>
          </reporter-output>
        </test-method> <!-- stopReport -->
      </class> <!-- com.leafBot.testcases.TC001_Login -->
    </test> <!-- Test -->
  </suite> <!-- Suite -->
</testng-results>
